27-Aug-2020 11:27:03.046 严重 [localhost-startStop-1] org.apache.catalina.core.StandardContext.listenerStart éç½®åºç¨ç¨åºçå¬å¨[listeners.ContextListener]éè¯¯
	java.lang.ClassNotFoundException: listeners.ContextListener
		at org.apache.catalina.loader.WebappClassLoaderBase.loadClass(WebappClassLoaderBase.java:1358)
		at org.apache.catalina.loader.WebappClassLoaderBase.loadClass(WebappClassLoaderBase.java:1180)
		at org.apache.catalina.core.DefaultInstanceManager.loadClass(DefaultInstanceManager.java:545)
		at org.apache.catalina.core.DefaultInstanceManager.loadClassMaybePrivileged(DefaultInstanceManager.java:526)
		at org.apache.catalina.core.DefaultInstanceManager.newInstance(DefaultInstanceManager.java:150)
		at org.apache.catalina.core.StandardContext.listenerStart(StandardContext.java:4613)
		at org.apache.catalina.core.StandardContext.startInternal(StandardContext.java:5155)
		at org.apache.catalina.util.LifecycleBase.start(LifecycleBase.java:183)
		at org.apache.catalina.core.ContainerBase.addChildInternal(ContainerBase.java:743)
		at org.apache.catalina.core.ContainerBase.addChild(ContainerBase.java:719)
		at org.apache.catalina.core.StandardHost.addChild(StandardHost.java:705)
		at org.apache.catalina.startup.HostConfig.deployDirectory(HostConfig.java:1125)
		at org.apache.catalina.startup.HostConfig$DeployDirectory.run(HostConfig.java:1858)
		at java.util.concurrent.Executors$RunnableAdapter.call(Executors.java:511)
		at java.util.concurrent.FutureTask.run$$$capture(FutureTask.java:266)
		at java.util.concurrent.FutureTask.run(FutureTask.java)
		at java.util.concurrent.ThreadPoolExecutor.runWorker(ThreadPoolExecutor.java:1142)
		at java.util.concurrent.ThreadPoolExecutor$Worker.run(ThreadPoolExecutor.java:617)
		at java.lang.Thread.run(Thread.java:745)
27-Aug-2020 11:27:03.048 严重 [localhost-startStop-1] org.apache.catalina.core.StandardContext.listenerStart éç½®åºç¨ç¨åºçå¬å¨[listeners.SessionListener]éè¯¯
	java.lang.ClassNotFoundException: listeners.SessionListener
		at org.apache.catalina.loader.WebappClassLoaderBase.loadClass(WebappClassLoaderBase.java:1358)
		at org.apache.catalina.loader.WebappClassLoaderBase.loadClass(WebappClassLoaderBase.java:1180)
		at org.apache.catalina.core.DefaultInstanceManager.loadClass(DefaultInstanceManager.java:545)
		at org.apache.catalina.core.DefaultInstanceManager.loadClassMaybePrivileged(DefaultInstanceManager.java:526)
		at org.apache.catalina.core.DefaultInstanceManager.newInstance(DefaultInstanceManager.java:150)
		at org.apache.catalina.core.StandardContext.listenerStart(StandardContext.java:4613)
		at org.apache.catalina.core.StandardContext.startInternal(StandardContext.java:5155)
		at org.apache.catalina.util.LifecycleBase.start(LifecycleBase.java:183)
		at org.apache.catalina.core.ContainerBase.addChildInternal(ContainerBase.java:743)
		at org.apache.catalina.core.ContainerBase.addChild(ContainerBase.java:719)
		at org.apache.catalina.core.StandardHost.addChild(StandardHost.java:705)
		at org.apache.catalina.startup.HostConfig.deployDirectory(HostConfig.java:1125)
		at org.apache.catalina.startup.HostConfig$DeployDirectory.run(HostConfig.java:1858)
		at java.util.concurrent.Executors$RunnableAdapter.call(Executors.java:511)
		at java.util.concurrent.FutureTask.run$$$capture(FutureTask.java:266)
		at java.util.concurrent.FutureTask.run(FutureTask.java)
		at java.util.concurrent.ThreadPoolExecutor.runWorker(ThreadPoolExecutor.java:1142)
		at java.util.concurrent.ThreadPoolExecutor$Worker.run(ThreadPoolExecutor.java:617)
		at java.lang.Thread.run(Thread.java:745)
27-Aug-2020 11:27:03.053 严重 [localhost-startStop-1] org.apache.catalina.core.StandardContext.listenerStart éç½®åºç¨ç¨åºçå¬å¨[async.AsyncStockContextListener]éè¯¯
	java.lang.ClassNotFoundException: async.AsyncStockContextListener
		at org.apache.catalina.loader.WebappClassLoaderBase.loadClass(WebappClassLoaderBase.java:1358)
		at org.apache.catalina.loader.WebappClassLoaderBase.loadClass(WebappClassLoaderBase.java:1180)
		at org.apache.catalina.core.DefaultInstanceManager.loadClass(DefaultInstanceManager.java:545)
		at org.apache.catalina.core.DefaultInstanceManager.loadClassMaybePrivileged(DefaultInstanceManager.java:526)
		at org.apache.catalina.core.DefaultInstanceManager.newInstance(DefaultInstanceManager.java:150)
		at org.apache.catalina.core.StandardContext.listenerStart(StandardContext.java:4613)
		at org.apache.catalina.core.StandardContext.startInternal(StandardContext.java:5155)
		at org.apache.catalina.util.LifecycleBase.start(LifecycleBase.java:183)
		at org.apache.catalina.core.ContainerBase.addChildInternal(ContainerBase.java:743)
		at org.apache.catalina.core.ContainerBase.addChild(ContainerBase.java:719)
		at org.apache.catalina.core.StandardHost.addChild(StandardHost.java:705)
		at org.apache.catalina.startup.HostConfig.deployDirectory(HostConfig.java:1125)
		at org.apache.catalina.startup.HostConfig$DeployDirectory.run(HostConfig.java:1858)
		at java.util.concurrent.Executors$RunnableAdapter.call(Executors.java:511)
		at java.util.concurrent.FutureTask.run$$$capture(FutureTask.java:266)
		at java.util.concurrent.FutureTask.run(FutureTask.java)
		at java.util.concurrent.ThreadPoolExecutor.runWorker(ThreadPoolExecutor.java:1142)
		at java.util.concurrent.ThreadPoolExecutor$Worker.run(ThreadPoolExecutor.java:617)
		at java.lang.Thread.run(Thread.java:745)
27-Aug-2020 11:27:03.056 严重 [localhost-startStop-1] org.apache.catalina.core.StandardContext.listenerStart éç½®åºç¨ç¨åºçå¬å¨[websocket.drawboard.DrawboardContextListener]éè¯¯
	java.lang.ClassNotFoundException: websocket.drawboard.DrawboardContextListener
		at org.apache.catalina.loader.WebappClassLoaderBase.loadClass(WebappClassLoaderBase.java:1358)
		at org.apache.catalina.loader.WebappClassLoaderBase.loadClass(WebappClassLoaderBase.java:1180)
		at org.apache.catalina.core.DefaultInstanceManager.loadClass(DefaultInstanceManager.java:545)
		at org.apache.catalina.core.DefaultInstanceManager.loadClassMaybePrivileged(DefaultInstanceManager.java:526)
		at org.apache.catalina.core.DefaultInstanceManager.newInstance(DefaultInstanceManager.java:150)
		at org.apache.catalina.core.StandardContext.listenerStart(StandardContext.java:4613)
		at org.apache.catalina.core.StandardContext.startInternal(StandardContext.java:5155)
		at org.apache.catalina.util.LifecycleBase.start(LifecycleBase.java:183)
		at org.apache.catalina.core.ContainerBase.addChildInternal(ContainerBase.java:743)
		at org.apache.catalina.core.ContainerBase.addChild(ContainerBase.java:719)
		at org.apache.catalina.core.StandardHost.addChild(StandardHost.java:705)
		at org.apache.catalina.startup.HostConfig.deployDirectory(HostConfig.java:1125)
		at org.apache.catalina.startup.HostConfig$DeployDirectory.run(HostConfig.java:1858)
		at java.util.concurrent.Executors$RunnableAdapter.call(Executors.java:511)
		at java.util.concurrent.FutureTask.run$$$capture(FutureTask.java:266)
		at java.util.concurrent.FutureTask.run(FutureTask.java)
		at java.util.concurrent.ThreadPoolExecutor.runWorker(ThreadPoolExecutor.java:1142)
		at java.util.concurrent.ThreadPoolExecutor$Worker.run(ThreadPoolExecutor.java:617)
		at java.lang.Thread.run(Thread.java:745)
27-Aug-2020 11:27:03.056 严重 [localhost-startStop-1] org.apache.catalina.core.StandardContext.listenerStart ç±äºä»¥åçéè¯¯ï¼å·²è·³è¿å®è£åºç¨ç¨åºä¾¦å¬å¨
27-Aug-2020 11:30:58.854 严重 [localhost-startStop-1] org.apache.catalina.core.StandardContext.listenerStart éç½®åºç¨ç¨åºçå¬å¨[listeners.ContextListener]éè¯¯
	java.lang.ClassNotFoundException: listeners.ContextListener
		at org.apache.catalina.loader.WebappClassLoaderBase.loadClass(WebappClassLoaderBase.java:1358)
		at org.apache.catalina.loader.WebappClassLoaderBase.loadClass(WebappClassLoaderBase.java:1180)
		at org.apache.catalina.core.DefaultInstanceManager.loadClass(DefaultInstanceManager.java:545)
		at org.apache.catalina.core.DefaultInstanceManager.loadClassMaybePrivileged(DefaultInstanceManager.java:526)
		at org.apache.catalina.core.DefaultInstanceManager.newInstance(DefaultInstanceManager.java:150)
		at org.apache.catalina.core.StandardContext.listenerStart(StandardContext.java:4613)
		at org.apache.catalina.core.StandardContext.startInternal(StandardContext.java:5155)
		at org.apache.catalina.util.LifecycleBase.start(LifecycleBase.java:183)
		at org.apache.catalina.core.ContainerBase.addChildInternal(ContainerBase.java:743)
		at org.apache.catalina.core.ContainerBase.addChild(ContainerBase.java:719)
		at org.apache.catalina.core.StandardHost.addChild(StandardHost.java:705)
		at org.apache.catalina.startup.HostConfig.deployDirectory(HostConfig.java:1125)
		at org.apache.catalina.startup.HostConfig$DeployDirectory.run(HostConfig.java:1858)
		at java.util.concurrent.Executors$RunnableAdapter.call(Executors.java:511)
		at java.util.concurrent.FutureTask.run$$$capture(FutureTask.java:266)
		at java.util.concurrent.FutureTask.run(FutureTask.java)
		at java.util.concurrent.ThreadPoolExecutor.runWorker(ThreadPoolExecutor.java:1142)
		at java.util.concurrent.ThreadPoolExecutor$Worker.run(ThreadPoolExecutor.java:617)
		at java.lang.Thread.run(Thread.java:745)
27-Aug-2020 11:30:58.858 严重 [localhost-startStop-1] org.apache.catalina.core.StandardContext.listenerStart éç½®åºç¨ç¨åºçå¬å¨[listeners.SessionListener]éè¯¯
	java.lang.ClassNotFoundException: listeners.SessionListener
		at org.apache.catalina.loader.WebappClassLoaderBase.loadClass(WebappClassLoaderBase.java:1358)
		at org.apache.catalina.loader.WebappClassLoaderBase.loadClass(WebappClassLoaderBase.java:1180)
		at org.apache.catalina.core.DefaultInstanceManager.loadClass(DefaultInstanceManager.java:545)
		at org.apache.catalina.core.DefaultInstanceManager.loadClassMaybePrivileged(DefaultInstanceManager.java:526)
		at org.apache.catalina.core.DefaultInstanceManager.newInstance(DefaultInstanceManager.java:150)
		at org.apache.catalina.core.StandardContext.listenerStart(StandardContext.java:4613)
		at org.apache.catalina.core.StandardContext.startInternal(StandardContext.java:5155)
		at org.apache.catalina.util.LifecycleBase.start(LifecycleBase.java:183)
		at org.apache.catalina.core.ContainerBase.addChildInternal(ContainerBase.java:743)
		at org.apache.catalina.core.ContainerBase.addChild(ContainerBase.java:719)
		at org.apache.catalina.core.StandardHost.addChild(StandardHost.java:705)
		at org.apache.catalina.startup.HostConfig.deployDirectory(HostConfig.java:1125)
		at org.apache.catalina.startup.HostConfig$DeployDirectory.run(HostConfig.java:1858)
		at java.util.concurrent.Executors$RunnableAdapter.call(Executors.java:511)
		at java.util.concurrent.FutureTask.run$$$capture(FutureTask.java:266)
		at java.util.concurrent.FutureTask.run(FutureTask.java)
		at java.util.concurrent.ThreadPoolExecutor.runWorker(ThreadPoolExecutor.java:1142)
		at java.util.concurrent.ThreadPoolExecutor$Worker.run(ThreadPoolExecutor.java:617)
		at java.lang.Thread.run(Thread.java:745)
27-Aug-2020 11:30:58.862 严重 [localhost-startStop-1] org.apache.catalina.core.StandardContext.listenerStart éç½®åºç¨ç¨åºçå¬å¨[async.AsyncStockContextListener]éè¯¯
	java.lang.ClassNotFoundException: async.AsyncStockContextListener
		at org.apache.catalina.loader.WebappClassLoaderBase.loadClass(WebappClassLoaderBase.java:1358)
		at org.apache.catalina.loader.WebappClassLoaderBase.loadClass(WebappClassLoaderBase.java:1180)
		at org.apache.catalina.core.DefaultInstanceManager.loadClass(DefaultInstanceManager.java:545)
		at org.apache.catalina.core.DefaultInstanceManager.loadClassMaybePrivileged(DefaultInstanceManager.java:526)
		at org.apache.catalina.core.DefaultInstanceManager.newInstance(DefaultInstanceManager.java:150)
		at org.apache.catalina.core.StandardContext.listenerStart(StandardContext.java:4613)
		at org.apache.catalina.core.StandardContext.startInternal(StandardContext.java:5155)
		at org.apache.catalina.util.LifecycleBase.start(LifecycleBase.java:183)
		at org.apache.catalina.core.ContainerBase.addChildInternal(ContainerBase.java:743)
		at org.apache.catalina.core.ContainerBase.addChild(ContainerBase.java:719)
		at org.apache.catalina.core.StandardHost.addChild(StandardHost.java:705)
		at org.apache.catalina.startup.HostConfig.deployDirectory(HostConfig.java:1125)
		at org.apache.catalina.startup.HostConfig$DeployDirectory.run(HostConfig.java:1858)
		at java.util.concurrent.Executors$RunnableAdapter.call(Executors.java:511)
		at java.util.concurrent.FutureTask.run$$$capture(FutureTask.java:266)
		at java.util.concurrent.FutureTask.run(FutureTask.java)
		at java.util.concurrent.ThreadPoolExecutor.runWorker(ThreadPoolExecutor.java:1142)
		at java.util.concurrent.ThreadPoolExecutor$Worker.run(ThreadPoolExecutor.java:617)
		at java.lang.Thread.run(Thread.java:745)
27-Aug-2020 11:30:58.865 严重 [localhost-startStop-1] org.apache.catalina.core.StandardContext.listenerStart éç½®åºç¨ç¨åºçå¬å¨[websocket.drawboard.DrawboardContextListener]éè¯¯
	java.lang.ClassNotFoundException: websocket.drawboard.DrawboardContextListener
		at org.apache.catalina.loader.WebappClassLoaderBase.loadClass(WebappClassLoaderBase.java:1358)
		at org.apache.catalina.loader.WebappClassLoaderBase.loadClass(WebappClassLoaderBase.java:1180)
		at org.apache.catalina.core.DefaultInstanceManager.loadClass(DefaultInstanceManager.java:545)
		at org.apache.catalina.core.DefaultInstanceManager.loadClassMaybePrivileged(DefaultInstanceManager.java:526)
		at org.apache.catalina.core.DefaultInstanceManager.newInstance(DefaultInstanceManager.java:150)
		at org.apache.catalina.core.StandardContext.listenerStart(StandardContext.java:4613)
		at org.apache.catalina.core.StandardContext.startInternal(StandardContext.java:5155)
		at org.apache.catalina.util.LifecycleBase.start(LifecycleBase.java:183)
		at org.apache.catalina.core.ContainerBase.addChildInternal(ContainerBase.java:743)
		at org.apache.catalina.core.ContainerBase.addChild(ContainerBase.java:719)
		at org.apache.catalina.core.StandardHost.addChild(StandardHost.java:705)
		at org.apache.catalina.startup.HostConfig.deployDirectory(HostConfig.java:1125)
		at org.apache.catalina.startup.HostConfig$DeployDirectory.run(HostConfig.java:1858)
		at java.util.concurrent.Executors$RunnableAdapter.call(Executors.java:511)
		at java.util.concurrent.FutureTask.run$$$capture(FutureTask.java:266)
		at java.util.concurrent.FutureTask.run(FutureTask.java)
		at java.util.concurrent.ThreadPoolExecutor.runWorker(ThreadPoolExecutor.java:1142)
		at java.util.concurrent.ThreadPoolExecutor$Worker.run(ThreadPoolExecutor.java:617)
		at java.lang.Thread.run(Thread.java:745)
27-Aug-2020 11:30:58.865 严重 [localhost-startStop-1] org.apache.catalina.core.StandardContext.listenerStart ç±äºä»¥åçéè¯¯ï¼å·²è·³è¿å®è£åºç¨ç¨åºä¾¦å¬å¨
27-Aug-2020 11:37:32.744 严重 [localhost-startStop-1] org.apache.catalina.core.StandardContext.listenerStart 配置应用程序监听器[listeners.ContextListener]错误
	java.lang.ClassNotFoundException: listeners.ContextListener
		at org.apache.catalina.loader.WebappClassLoaderBase.loadClass(WebappClassLoaderBase.java:1358)
		at org.apache.catalina.loader.WebappClassLoaderBase.loadClass(WebappClassLoaderBase.java:1180)
		at org.apache.catalina.core.DefaultInstanceManager.loadClass(DefaultInstanceManager.java:545)
		at org.apache.catalina.core.DefaultInstanceManager.loadClassMaybePrivileged(DefaultInstanceManager.java:526)
		at org.apache.catalina.core.DefaultInstanceManager.newInstance(DefaultInstanceManager.java:150)
		at org.apache.catalina.core.StandardContext.listenerStart(StandardContext.java:4613)
		at org.apache.catalina.core.StandardContext.startInternal(StandardContext.java:5155)
		at org.apache.catalina.util.LifecycleBase.start(LifecycleBase.java:183)
		at org.apache.catalina.core.ContainerBase.addChildInternal(ContainerBase.java:743)
		at org.apache.catalina.core.ContainerBase.addChild(ContainerBase.java:719)
		at org.apache.catalina.core.StandardHost.addChild(StandardHost.java:705)
		at org.apache.catalina.startup.HostConfig.deployDirectory(HostConfig.java:1125)
		at org.apache.catalina.startup.HostConfig$DeployDirectory.run(HostConfig.java:1858)
		at java.util.concurrent.Executors$RunnableAdapter.call(Executors.java:511)
		at java.util.concurrent.FutureTask.run(FutureTask.java:266)
		at java.util.concurrent.ThreadPoolExecutor.runWorker(ThreadPoolExecutor.java:1142)
		at java.util.concurrent.ThreadPoolExecutor$Worker.run(ThreadPoolExecutor.java:617)
		at java.lang.Thread.run(Thread.java:745)
27-Aug-2020 11:37:32.747 严重 [localhost-startStop-1] org.apache.catalina.core.StandardContext.listenerStart 配置应用程序监听器[listeners.SessionListener]错误
	java.lang.ClassNotFoundException: listeners.SessionListener
		at org.apache.catalina.loader.WebappClassLoaderBase.loadClass(WebappClassLoaderBase.java:1358)
		at org.apache.catalina.loader.WebappClassLoaderBase.loadClass(WebappClassLoaderBase.java:1180)
		at org.apache.catalina.core.DefaultInstanceManager.loadClass(DefaultInstanceManager.java:545)
		at org.apache.catalina.core.DefaultInstanceManager.loadClassMaybePrivileged(DefaultInstanceManager.java:526)
		at org.apache.catalina.core.DefaultInstanceManager.newInstance(DefaultInstanceManager.java:150)
		at org.apache.catalina.core.StandardContext.listenerStart(StandardContext.java:4613)
		at org.apache.catalina.core.StandardContext.startInternal(StandardContext.java:5155)
		at org.apache.catalina.util.LifecycleBase.start(LifecycleBase.java:183)
		at org.apache.catalina.core.ContainerBase.addChildInternal(ContainerBase.java:743)
		at org.apache.catalina.core.ContainerBase.addChild(ContainerBase.java:719)
		at org.apache.catalina.core.StandardHost.addChild(StandardHost.java:705)
		at org.apache.catalina.startup.HostConfig.deployDirectory(HostConfig.java:1125)
		at org.apache.catalina.startup.HostConfig$DeployDirectory.run(HostConfig.java:1858)
		at java.util.concurrent.Executors$RunnableAdapter.call(Executors.java:511)
		at java.util.concurrent.FutureTask.run(FutureTask.java:266)
		at java.util.concurrent.ThreadPoolExecutor.runWorker(ThreadPoolExecutor.java:1142)
		at java.util.concurrent.ThreadPoolExecutor$Worker.run(ThreadPoolExecutor.java:617)
		at java.lang.Thread.run(Thread.java:745)
27-Aug-2020 11:37:32.751 严重 [localhost-startStop-1] org.apache.catalina.core.StandardContext.listenerStart 配置应用程序监听器[async.AsyncStockContextListener]错误
	java.lang.ClassNotFoundException: async.AsyncStockContextListener
		at org.apache.catalina.loader.WebappClassLoaderBase.loadClass(WebappClassLoaderBase.java:1358)
		at org.apache.catalina.loader.WebappClassLoaderBase.loadClass(WebappClassLoaderBase.java:1180)
		at org.apache.catalina.core.DefaultInstanceManager.loadClass(DefaultInstanceManager.java:545)
		at org.apache.catalina.core.DefaultInstanceManager.loadClassMaybePrivileged(DefaultInstanceManager.java:526)
		at org.apache.catalina.core.DefaultInstanceManager.newInstance(DefaultInstanceManager.java:150)
		at org.apache.catalina.core.StandardContext.listenerStart(StandardContext.java:4613)
		at org.apache.catalina.core.StandardContext.startInternal(StandardContext.java:5155)
		at org.apache.catalina.util.LifecycleBase.start(LifecycleBase.java:183)
		at org.apache.catalina.core.ContainerBase.addChildInternal(ContainerBase.java:743)
		at org.apache.catalina.core.ContainerBase.addChild(ContainerBase.java:719)
		at org.apache.catalina.core.StandardHost.addChild(StandardHost.java:705)
		at org.apache.catalina.startup.HostConfig.deployDirectory(HostConfig.java:1125)
		at org.apache.catalina.startup.HostConfig$DeployDirectory.run(HostConfig.java:1858)
		at java.util.concurrent.Executors$RunnableAdapter.call(Executors.java:511)
		at java.util.concurrent.FutureTask.run(FutureTask.java:266)
		at java.util.concurrent.ThreadPoolExecutor.runWorker(ThreadPoolExecutor.java:1142)
		at java.util.concurrent.ThreadPoolExecutor$Worker.run(ThreadPoolExecutor.java:617)
		at java.lang.Thread.run(Thread.java:745)
27-Aug-2020 11:37:32.753 严重 [localhost-startStop-1] org.apache.catalina.core.StandardContext.listenerStart 配置应用程序监听器[websocket.drawboard.DrawboardContextListener]错误
	java.lang.ClassNotFoundException: websocket.drawboard.DrawboardContextListener
		at org.apache.catalina.loader.WebappClassLoaderBase.loadClass(WebappClassLoaderBase.java:1358)
		at org.apache.catalina.loader.WebappClassLoaderBase.loadClass(WebappClassLoaderBase.java:1180)
		at org.apache.catalina.core.DefaultInstanceManager.loadClass(DefaultInstanceManager.java:545)
		at org.apache.catalina.core.DefaultInstanceManager.loadClassMaybePrivileged(DefaultInstanceManager.java:526)
		at org.apache.catalina.core.DefaultInstanceManager.newInstance(DefaultInstanceManager.java:150)
		at org.apache.catalina.core.StandardContext.listenerStart(StandardContext.java:4613)
		at org.apache.catalina.core.StandardContext.startInternal(StandardContext.java:5155)
		at org.apache.catalina.util.LifecycleBase.start(LifecycleBase.java:183)
		at org.apache.catalina.core.ContainerBase.addChildInternal(ContainerBase.java:743)
		at org.apache.catalina.core.ContainerBase.addChild(ContainerBase.java:719)
		at org.apache.catalina.core.StandardHost.addChild(StandardHost.java:705)
		at org.apache.catalina.startup.HostConfig.deployDirectory(HostConfig.java:1125)
		at org.apache.catalina.startup.HostConfig$DeployDirectory.run(HostConfig.java:1858)
		at java.util.concurrent.Executors$RunnableAdapter.call(Executors.java:511)
		at java.util.concurrent.FutureTask.run(FutureTask.java:266)
		at java.util.concurrent.ThreadPoolExecutor.runWorker(ThreadPoolExecutor.java:1142)
		at java.util.concurrent.ThreadPoolExecutor$Worker.run(ThreadPoolExecutor.java:617)
		at java.lang.Thread.run(Thread.java:745)
27-Aug-2020 11:37:32.753 严重 [localhost-startStop-1] org.apache.catalina.core.StandardContext.listenerStart ç±äºä»¥åçéè¯¯ï¼å·²è·³è¿å®è£åºç¨ç¨åºä¾¦å¬å¨
